Java memory size is set to 1200M
Launching application...

QualiMap v.2.2.1
Built on 2016-10-03 18:14

Selected tool: bamqc
Available memory (Mb): 35
Max memory (Mb): 1258
Starting bam qc....
Loading sam header...
Loading locator...
Loading reference...
Number of windows: 400, effective number of windows: 460
Chunk of reads size: 1000
Number of threads: 4
Processed 50 out of 460 windows...
Processed 100 out of 460 windows...
Processed 150 out of 460 windows...
Processed 200 out of 460 windows...
Processed 250 out of 460 windows...
Processed 300 out of 460 windows...
Processed 350 out of 460 windows...
Processed 400 out of 460 windows...
Processed 450 out of 460 windows...
Total processed windows:460
Number of reads: 13392145
Number of valid reads: 13152323
Number of correct strand reads:0

Inside of regions...
Num mapped reads: 13152323
Num mapped first of pair: 0
Num mapped second of pair: 0
Num singletons: 0
Time taken to analyze reads: 137
Computing descriptors...
numberOfMappedBases: 10142839467
referenceSize: 2728222451
numberOfSequencedBases: 984145261
numberOfAs: 252513766
Computing per chromosome statistics...
Computing histograms...
Overall analysis time: 137
end of bam qc
Computing report...
Writing HTML report...
HTML report created successfully

Finished
